{"C:\\Users\\Justin\\Documents\\Code\\dev-cli\\src\\commands\\install.js": {"path":"C:\\Users\\Justin\\Documents\\Code\\dev-cli\\src\\commands\\install.js","statementMap":{"0":{"start":{"line":10,"column":16},"end":{"line":61,"column":6}},"1":{"start":{"line":16,"column":8},"end":{"line":19,"column":9}},"2":{"start":{"line":17,"column":12},"end":{"line":17,"column":75}},"3":{"start":{"line":18,"column":12},"end":{"line":18,"column":28}},"4":{"start":{"line":21,"column":8},"end":{"line":60,"column":9}},"5":{"start":{"line":23,"column":30},"end":{"line":23,"column":51}},"6":{"start":{"line":24,"column":12},"end":{"line":24,"column":68}},"7":{"start":{"line":25,"column":12},"end":{"line":25,"column":56}},"8":{"start":{"line":28,"column":12},"end":{"line":28,"column":62}},"9":{"start":{"line":29,"column":27},"end":{"line":29,"column":48}},"10":{"start":{"line":30,"column":12},"end":{"line":48,"column":13}},"11":{"start":{"line":31,"column":16},"end":{"line":31,"column":77}},"12":{"start":{"line":32,"column":36},"end":{"line":39,"column":18}},"13":{"start":{"line":41,"column":16},"end":{"line":46,"column":17}},"14":{"start":{"line":43,"column":20},"end":{"line":43,"column":72}},"15":{"start":{"line":45,"column":20},"end":{"line":45,"column":50}},"16":{"start":{"line":47,"column":16},"end":{"line":47,"column":23}},"17":{"start":{"line":49,"column":12},"end":{"line":49,"column":35}},"18":{"start":{"line":52,"column":12},"end":{"line":52,"column":78}},"19":{"start":{"line":53,"column":27},"end":{"line":53,"column":65}},"20":{"start":{"line":54,"column":12},"end":{"line":54,"column":31}},"21":{"start":{"line":56,"column":12},"end":{"line":56,"column":58}},"22":{"start":{"line":58,"column":12},"end":{"line":58,"column":76}},"23":{"start":{"line":59,"column":12},"end":{"line":59,"column":28}}},"fnMap":{"0":{"name":"(anonymous_0)","decl":{"start":{"line":14,"column":12},"end":{"line":14,"column":13}},"loc":{"start":{"line":14,"column":40},"end":{"line":61,"column":5}},"line":14}},"branchMap":{"0":{"loc":{"start":{"line":16,"column":8},"end":{"line":19,"column":9}},"type":"if","locations":[{"start":{"line":16,"column":8},"end":{"line":19,"column":9}},{"start":{},"end":{}}],"line":16},"1":{"loc":{"start":{"line":30,"column":12},"end":{"line":48,"column":13}},"type":"if","locations":[{"start":{"line":30,"column":12},"end":{"line":48,"column":13}},{"start":{},"end":{}}],"line":30},"2":{"loc":{"start":{"line":41,"column":16},"end":{"line":46,"column":17}},"type":"if","locations":[{"start":{"line":41,"column":16},"end":{"line":46,"column":17}},{"start":{"line":44,"column":23},"end":{"line":46,"column":17}}],"line":41}},"s":{"0":1,"1":2,"2":0,"3":0,"4":2,"5":2,"6":2,"7":2,"8":2,"9":2,"10":2,"11":1,"12":1,"13":1,"14":1,"15":0,"16":1,"17":1,"18":1,"19":1,"20":1,"21":1,"22":0,"23":0},"f":{"0":2},"b":{"0":[0,2],"1":[1,1],"2":[1,0]},"_coverageSchema":"1a1c01bbd47fc00a2c39e90264f33305004495a9","hash":"30e4f10b075169678d1b2720ec1c6470a4ea31cb"}
,"C:\\Users\\Justin\\Documents\\Code\\dev-cli\\src\\core\\config.js": {"path":"C:\\Users\\Justin\\Documents\\Code\\dev-cli\\src\\core\\config.js","statementMap":{"0":{"start":{"line":11,"column":23},"end":{"line":11,"column":54}},"1":{"start":{"line":13,"column":4},"end":{"line":17,"column":5}},"2":{"start":{"line":16,"column":8},"end":{"line":16,"column":20}},"3":{"start":{"line":19,"column":25},"end":{"line":19,"column":60}},"4":{"start":{"line":20,"column":19},"end":{"line":20,"column":42}},"5":{"start":{"line":22,"column":4},"end":{"line":22,"column":18}},"6":{"start":{"line":25,"column":27},"end":{"line":25,"column":32}},"7":{"start":{"line":26,"column":29},"end":{"line":26,"column":38}},"8":{"start":{"line":33,"column":4},"end":{"line":35,"column":5}},"9":{"start":{"line":34,"column":8},"end":{"line":34,"column":61}},"10":{"start":{"line":37,"column":4},"end":{"line":43,"column":5}},"11":{"start":{"line":38,"column":8},"end":{"line":42,"column":9}},"12":{"start":{"line":39,"column":12},"end":{"line":41,"column":13}},"13":{"start":{"line":40,"column":16},"end":{"line":40,"column":67}}},"fnMap":{"0":{"name":"loadConfig","decl":{"start":{"line":10,"column":16},"end":{"line":10,"column":26}},"loc":{"start":{"line":10,"column":38},"end":{"line":23,"column":1}},"line":10},"1":{"name":"validateConfig","decl":{"start":{"line":32,"column":16},"end":{"line":32,"column":30}},"loc":{"start":{"line":32,"column":39},"end":{"line":44,"column":1}},"line":32}},"branchMap":{"0":{"loc":{"start":{"line":13,"column":4},"end":{"line":17,"column":5}},"type":"if","locations":[{"start":{"line":13,"column":4},"end":{"line":17,"column":5}},{"start":{},"end":{}}],"line":13},"1":{"loc":{"start":{"line":33,"column":4},"end":{"line":35,"column":5}},"type":"if","locations":[{"start":{"line":33,"column":4},"end":{"line":35,"column":5}},{"start":{},"end":{}}],"line":33},"2":{"loc":{"start":{"line":37,"column":4},"end":{"line":43,"column":5}},"type":"if","locations":[{"start":{"line":37,"column":4},"end":{"line":43,"column":5}},{"start":{},"end":{}}],"line":37},"3":{"loc":{"start":{"line":39,"column":12},"end":{"line":41,"column":13}},"type":"if","locations":[{"start":{"line":39,"column":12},"end":{"line":41,"column":13}},{"start":{},"end":{}}],"line":39}},"s":{"0":2,"1":2,"2":1,"3":1,"4":1,"5":1,"6":1,"7":1,"8":3,"9":1,"10":2,"11":2,"12":2,"13":1},"f":{"0":2,"1":3},"b":{"0":[1,1],"1":[1,2],"2":[2,0],"3":[1,1]},"_coverageSchema":"1a1c01bbd47fc00a2c39e90264f33305004495a9","hash":"b8b6faef1a4a7e8061b24de8e3c744e37a7aec6e"}
,"C:\\Users\\Justin\\Documents\\Code\\dev-cli\\src\\utils\\path.js": {"path":"C:\\Users\\Justin\\Documents\\Code\\dev-cli\\src\\utils\\path.js","statementMap":{"0":{"start":{"line":11,"column":26},"end":{"line":14,"column":26}},"1":{"start":{"line":16,"column":21},"end":{"line":16,"column":65}},"2":{"start":{"line":18,"column":4},"end":{"line":18,"column":46}}},"fnMap":{"0":{"name":"getClonePath","decl":{"start":{"line":9,"column":16},"end":{"line":9,"column":28}},"loc":{"start":{"line":9,"column":38},"end":{"line":19,"column":1}},"line":9}},"branchMap":{},"s":{"0":3,"1":3,"2":3},"f":{"0":3},"b":{},"_coverageSchema":"1a1c01bbd47fc00a2c39e90264f33305004495a9","hash":"a9bf5d98b39ae43a2ac2c37489608831ea652eae"}
,"C:\\Users\\Justin\\Documents\\Code\\dev-cli\\src\\utils\\validation.js": {"path":"C:\\Users\\Justin\\Documents\\Code\\dev-cli\\src\\utils\\validation.js","statementMap":{"0":{"start":{"line":7,"column":24},"end":{"line":7,"column":87}},"1":{"start":{"line":8,"column":4},"end":{"line":8,"column":33}}},"fnMap":{"0":{"name":"isValidGitUrl","decl":{"start":{"line":6,"column":16},"end":{"line":6,"column":29}},"loc":{"start":{"line":6,"column":35},"end":{"line":9,"column":1}},"line":6}},"branchMap":{},"s":{"0":9,"1":9},"f":{"0":9},"b":{},"_coverageSchema":"1a1c01bbd47fc00a2c39e90264f33305004495a9","hash":"cf1442129f03c61fb28184825971ea981cf6ca2d"}
}
