TN:
SF:src\commands\init.js
FN:9,(anonymous_0)
FNF:1
FNH:1
FNDA:1,(anonymous_0)
DA:7,1
DA:10,1
DA:11,0
DA:19,0
DA:20,0
DA:21,0
DA:25,1
DA:26,1
DA:27,1
DA:29,1
DA:30,1
DA:34,1
DA:35,0
DA:36,0
DA:39,1
DA:44,1
DA:46,1
DA:49,1
DA:52,1
DA:57,1
DA:58,1
DA:59,1
LF:22
LH:16
BRDA:10,0,0,0
BRDA:10,0,1,1
BRDA:19,1,0,0
BRDA:19,1,1,0
BRDA:34,2,0,0
BRDA:34,2,1,1
BRF:6
BRH:2
end_of_record
TN:
SF:src\commands\install.js
FN:14,(anonymous_0)
FNF:1
FNH:1
FNDA:2,(anonymous_0)
DA:10,1
DA:16,2
DA:17,0
DA:18,0
DA:21,2
DA:23,2
DA:24,2
DA:25,2
DA:28,2
DA:29,2
DA:30,2
DA:31,1
DA:32,1
DA:41,1
DA:43,1
DA:45,0
DA:47,1
DA:49,1
DA:52,1
DA:53,1
DA:54,1
DA:56,1
DA:58,0
DA:59,0
LF:24
LH:19
BRDA:16,0,0,0
BRDA:16,0,1,2
BRDA:30,1,0,1
BRDA:30,1,1,1
BRDA:41,2,0,1
BRDA:41,2,1,0
BRF:6
BRH:4
end_of_record
TN:
SF:src\core\config.js
FN:10,loadConfig
FN:32,validateConfig
FNF:2
FNH:2
FNDA:2,loadConfig
FNDA:3,validateConfig
DA:11,2
DA:13,2
DA:16,1
DA:19,1
DA:20,1
DA:22,1
DA:25,1
DA:26,1
DA:33,3
DA:34,1
DA:37,2
DA:38,2
DA:39,2
DA:40,1
LF:14
LH:14
BRDA:13,0,0,1
BRDA:13,0,1,1
BRDA:33,1,0,1
BRDA:33,1,1,2
BRDA:37,2,0,2
BRDA:37,2,1,0
BRDA:39,3,0,1
BRDA:39,3,1,1
BRF:8
BRH:7
end_of_record
TN:
SF:src\core\execution-engine.js
FN:6,(anonymous_0)
FN:11,(anonymous_1)
FNF:2
FNH:2
FNDA:1,(anonymous_0)
FNDA:1,(anonymous_1)
DA:7,1
DA:8,1
DA:12,1
DA:13,0
DA:16,1
DA:17,1
DA:18,1
DA:24,1
DA:26,1
DA:35,1
DA:36,1
DA:42,0
LF:12
LH:10
BRDA:12,0,0,0
BRDA:12,0,1,1
BRDA:17,1,0,1
BRDA:17,1,1,0
BRDA:24,2,0,1
BRDA:24,2,1,0
BRDA:35,3,0,1
BRDA:35,3,1,0
BRF:8
BRH:4
end_of_record
TN:
SF:src\utils\path.js
FN:9,getClonePath
FNF:1
FNH:1
FNDA:3,getClonePath
DA:11,3
DA:16,3
DA:18,3
LF:3
LH:3
BRF:0
BRH:0
end_of_record
TN:
SF:src\utils\validation.js
FN:6,isValidGitUrl
FNF:1
FNH:1
FNDA:9,isValidGitUrl
DA:7,9
DA:8,9
LF:2
LH:2
BRF:0
BRH:0
end_of_record
