TN:
SF:src\core\config.js
FN:10,loadConfig
FN:32,validateConfig
FNF:2
FNH:2
FNDA:2,loadConfig
FNDA:3,validateConfig
DA:11,2
DA:13,2
DA:16,1
DA:19,1
DA:20,1
DA:22,1
DA:25,1
DA:26,1
DA:33,3
DA:34,1
DA:37,2
DA:38,2
DA:39,2
DA:40,1
LF:14
LH:14
BRDA:13,0,0,1
BRDA:13,0,1,1
BRDA:33,1,0,1
BRDA:33,1,1,2
BRDA:37,2,0,2
BRDA:37,2,1,0
BRDA:39,3,0,1
BRDA:39,3,1,1
BRF:8
BRH:7
end_of_record
TN:
SF:src\utils\path.js
FN:9,getClonePath
FNF:1
FNH:1
FNDA:1,getClonePath
DA:11,1
DA:16,1
DA:18,1
LF:3
LH:3
BRF:0
BRH:0
end_of_record
TN:
SF:src\utils\validation.js
FN:6,isValidGitUrl
FNF:1
FNH:1
FNDA:7,isValidGitUrl
DA:7,7
DA:8,7
LF:2
LH:2
BRF:0
BRH:0
end_of_record
